nohup: ignoring input
Using device: cuda:1
Run checkpoints will be saved to: training_outputs/ckpts/20260616_013859
Train: 21351 windows (/data/research/zaima/dataset/Dataset/VideoSaliencyDatasets/dh1k/training) | Val: 3722 windows (/data/research/zaima/dataset/Dataset/VideoSaliencyDatasets/dh1k/testing) | window_len=16

Epoch 1/20
Train epoch 1:   0%|          | 0/5338 [00:00<?, ?it/s]                                                       Traceback (most recent call last):
  File "/home/zaimaz/Desktop/research1/ExplainableVidSal/src/train.py", line 829, in <module>
    main()
  File "/home/zaimaz/Desktop/research1/ExplainableVidSal/src/train.py", line 716, in main
    train_loss, train_metrics = train_one_epoch(
  File "/home/zaimaz/Desktop/research1/ExplainableVidSal/src/train.py", line 457, in train_one_epoch
    model_out = model(
  File "/home/zaimaz/miniconda3/envs/explainable_vidsal/lib/python3.10/site-packages/torch/nn/modules/module.py", line 1779, in _wrapped_call_impl
    return self._call_impl(*args, **kwargs)
  File "/home/zaimaz/miniconda3/envs/explainable_vidsal/lib/python3.10/site-packages/torch/nn/modules/module.py", line 1790, in _call_impl
    return forward_call(*args, **kwargs)
  File "/home/zaimaz/Desktop/research1/ExplainableVidSal/src/model/model.py", line 281, in forward
    features_dict = self.backbone.forward_features(x)
  File "/home/zaimaz/Desktop/research1/ExplainableVidSal/src/model/backbones/video_swin.py", line 163, in forward_features
    x = layer(x)
  File "/home/zaimaz/miniconda3/envs/explainable_vidsal/lib/python3.10/site-packages/torch/nn/modules/module.py", line 1779, in _wrapped_call_impl
    return self._call_impl(*args, **kwargs)
  File "/home/zaimaz/miniconda3/envs/explainable_vidsal/lib/python3.10/site-packages/torch/nn/modules/module.py", line 1790, in _call_impl
    return forward_call(*args, **kwargs)
  File "/home/zaimaz/miniconda3/envs/explainable_vidsal/lib/python3.10/site-packages/torch/nn/modules/container.py", line 253, in forward
    input = module(input)
  File "/home/zaimaz/miniconda3/envs/explainable_vidsal/lib/python3.10/site-packages/torch/nn/modules/module.py", line 1779, in _wrapped_call_impl
    return self._call_impl(*args, **kwargs)
  File "/home/zaimaz/miniconda3/envs/explainable_vidsal/lib/python3.10/site-packages/torch/nn/modules/module.py", line 1790, in _call_impl
    return forward_call(*args, **kwargs)
  File "/home/zaimaz/miniconda3/envs/explainable_vidsal/lib/python3.10/site-packages/torchvision/models/swin_transformer.py", line 453, in forward
    x = x + self.stochastic_depth(self.attn(self.norm1(x)))
  File "/home/zaimaz/miniconda3/envs/explainable_vidsal/lib/python3.10/site-packages/torch/nn/modules/module.py", line 1779, in _wrapped_call_impl
    return self._call_impl(*args, **kwargs)
  File "/home/zaimaz/miniconda3/envs/explainable_vidsal/lib/python3.10/site-packages/torch/nn/modules/module.py", line 1790, in _call_impl
    return forward_call(*args, **kwargs)
  File "/home/zaimaz/miniconda3/envs/explainable_vidsal/lib/python3.10/site-packages/torchvision/models/video/swin_transformer.py", line 303, in forward
    return shifted_window_attention_3d(
  File "/home/zaimaz/miniconda3/envs/explainable_vidsal/lib/python3.10/site-packages/torchvision/models/video/swin_transformer.py", line 198, in shifted_window_attention_3d
    attn = F.softmax(attn, dim=-1)
  File "/home/zaimaz/miniconda3/envs/explainable_vidsal/lib/python3.10/site-packages/torch/nn/functional.py", line 2159, in softmax
    ret = input.softmax(dim)
torch.OutOfMemoryError: CUDA out of memory. Tried to allocate 226.00 MiB. GPU 1 has a total capacity of 23.52 GiB of which 112.56 MiB is free. Process 5532 has 390.70 MiB memory in use. Process 57227 has 552.00 MiB memory in use. Process 458545 has 15.12 GiB memory in use. Including non-PyTorch memory, this process has 6.90 GiB memory in use. Of the allocated memory 6.39 GiB is allocated by PyTorch, and 56.43 MiB is reserved by PyTorch but unallocated. If reserved but unallocated memory is large try setting PYTORCH_CUDA_ALLOC_CONF=expandable_segments:True to avoid fragmentation.  See documentation for Memory Management  (https://docs.pytorch.org/docs/stable/notes/cuda.html#optimizing-memory-usage-with-pytorch-cuda-alloc-conf)
